\BOOKMARK [0][-]{chapter.1}{Scope}{}% 1
\BOOKMARK [1][-]{section.1.1}{Problem}{chapter.1}% 2
\BOOKMARK [1][-]{section.1.2}{Dataset}{chapter.1}% 3
\BOOKMARK [1][-]{section.1.3}{Assignment}{chapter.1}% 4
\BOOKMARK [0][-]{chapter.2}{Extract patches from the dataset}{}% 5
\BOOKMARK [0][-]{chapter.3}{Training the network}{}% 6
\BOOKMARK [1][-]{section.3.1}{MatConvNet library}{chapter.3}% 7
\BOOKMARK [1][-]{section.3.2}{Build the architecture of the network}{chapter.3}% 8
\BOOKMARK [2][-]{subsection.3.2.1}{Typical layer of a CNN}{section.3.2}% 9
\BOOKMARK [2][-]{subsection.3.2.2}{Typical architecture}{section.3.2}% 10
\BOOKMARK [2][-]{subsection.3.2.3}{Selected architectures}{section.3.2}% 11
\BOOKMARK [1][-]{section.3.3}{Train the network}{chapter.3}% 12
\BOOKMARK [0][-]{chapter.4}{Evaluate the network}{}% 13
\BOOKMARK [1][-]{section.4.1}{Compute the accuracy of each network}{chapter.4}% 14
\BOOKMARK [1][-]{section.4.2}{Changing the number of maps of each convolutional filter}{chapter.4}% 15
\BOOKMARK [1][-]{section.4.3}{Understand the reason why the network fails}{chapter.4}% 16
\BOOKMARK [0][-]{chapter.5}{Summary and future extensions}{}% 17
\BOOKMARK [0][-]{chapter.6}{Appendix}{}% 18
\BOOKMARK [1][-]{section.6.1}{Reference document}{chapter.6}% 19
\BOOKMARK [1][-]{section.6.2}{Software and tool used}{chapter.6}% 20
